0 info it worked if it ends with ok
1 verbose cli [ '/usr/bin/node', '/usr/bin/npm', 'install', 'openlayers3' ]
2 info using npm@1.4.29
3 info using node@v0.10.43
4 verbose node symlink /usr/bin/node
5 warn deprecated This version of npm lacks support for important features,
6 warn deprecated such as scoped packages, offered by the primary npm
7 warn deprecated registry. Consider upgrading to at least npm@2, if not the
8 warn deprecated latest stable version. To upgrade to npm@2, run:
9 warn deprecated npm -g install npm@latest-2
10 warn deprecated To upgrade to the latest stable version, run:
11 warn deprecated npm -g install npm@latest
12 warn deprecated (Depending on how Node.js was installed on your system, you
13 warn deprecated may need to prefix the preceding commands with `sudo`, or if
14 warn deprecated on Windows, run them from an Administrator prompt.)
15 warn deprecated If you're running the version of npm bundled with
16 warn deprecated Node.js 0.10 LTS, be aware that the next version of 0.10 LTS
17 warn deprecated will be bundled with a version of npm@2, which has some small
18 warn deprecated backwards-incompatible changes made to `npm run-script` and
19 warn deprecated semver behavior.
20 warn package.json nedkoyring@1.0.0 No description
21 warn package.json nedkoyring@1.0.0 No repository field.
22 verbose readDependencies using package.json deps
23 verbose cache add [ 'openlayers3', null ]
24 verbose cache add name=undefined spec="openlayers3" args=["openlayers3",null]
25 verbose parsed url { protocol: null,
25 verbose parsed url   slashes: null,
25 verbose parsed url   auth: null,
25 verbose parsed url   host: null,
25 verbose parsed url   port: null,
25 verbose parsed url   hostname: null,
25 verbose parsed url   hash: null,
25 verbose parsed url   search: null,
25 verbose parsed url   query: null,
25 verbose parsed url   pathname: 'openlayers3',
25 verbose parsed url   path: 'openlayers3',
25 verbose parsed url   href: 'openlayers3' }
26 silly lockFile 17ee1413-openlayers3 openlayers3
27 verbose lock openlayers3 /home/kjartan/.npm/17ee1413-openlayers3.lock
28 silly lockFile 17ee1413-openlayers3 openlayers3
29 silly lockFile 17ee1413-openlayers3 openlayers3
30 verbose addNamed [ 'openlayers3', '' ]
31 verbose addNamed [ null, '*' ]
32 silly lockFile 84504d28-openlayers3 openlayers3@
33 verbose lock openlayers3@ /home/kjartan/.npm/84504d28-openlayers3.lock
34 silly addNameRange { name: 'openlayers3', range: '*', hasData: false }
35 verbose request where is /openlayers3
36 verbose request registry https://registry.npmjs.org/
37 verbose request id 9d111f502c64dd8e
38 verbose url raw /openlayers3
39 verbose url resolving [ 'https://registry.npmjs.org/', './openlayers3' ]
40 verbose url resolved https://registry.npmjs.org/openlayers3
41 verbose request where is https://registry.npmjs.org/openlayers3
42 info trying registry request attempt 1 at 00:16:21
43 http GET https://registry.npmjs.org/openlayers3
44 http 404 https://registry.npmjs.org/openlayers3
45 silly registry.get cb [ 404,
45 silly registry.get   { 'content-type': 'application/json',
45 silly registry.get     'cache-control': 'max-age=0',
45 silly registry.get     'content-length': '2',
45 silly registry.get     'accept-ranges': 'bytes',
45 silly registry.get     date: 'Sat, 19 Mar 2016 23:16:22 GMT',
45 silly registry.get     via: '1.1 varnish',
45 silly registry.get     age: '0',
45 silly registry.get     connection: 'keep-alive',
45 silly registry.get     'x-served-by': 'cache-fra1224-FRA',
45 silly registry.get     'x-cache': 'MISS',
45 silly registry.get     'x-cache-hits': '0',
45 silly registry.get     'x-timer': 'S1458429381.945382,VS0,VE399' } ]
46 silly lockFile 84504d28-openlayers3 openlayers3@
47 silly lockFile 84504d28-openlayers3 openlayers3@
48 error 404 Not Found
48 error 404
48 error 404 'openlayers3' is not in the npm registry.
48 error 404 You should bug the author to publish it
48 error 404 It was specified as a dependency of 'nedkoyring'
48 error 404
48 error 404 Note that you can also install from a
48 error 404 tarball, folder, or http url, or git url.
49 error System Linux 3.19.0-56-generic
50 error command "/usr/bin/node" "/usr/bin/npm" "install" "openlayers3"
51 error cwd /home/kjartan/projects/toptour
52 error node -v v0.10.43
53 error npm -v 1.4.29
54 error code E404
55 verbose exit [ 1, true ]
